<?xml version="1.0" encoding="UTF-8"?>
<!-- Generated by org.testng.reporters.JUnitReportReporter -->
<testsuite hostname="DESKTOP-MNSU8OR" failures="0" tests="2" name="contact.NewContactTest" time="0.016" errors="0" timestamp="2025-03-03T10:57:52 IST" skipped="0">
  <testcase classname="contact.NewContactTest" name="modifyContactTest" time="0.004"/>
  <testcase classname="contact.NewContactTest" name="CreateContactTest" time="0.012"/>
</testsuite> <!-- contact.NewContactTest -->
