<?xml version="1.0" encoding="UTF-8"?>
<!-- Generated by org.testng.reporters.JUnitReportReporter -->
<testsuite hostname="DESKTOP-MNSU8OR" failures="0" tests="2" name="Organisation.NewOrganisationTest" time="0.026" errors="0" timestamp="2025-03-03T10:57:52 IST" skipped="0">
  <testcase classname="Organisation.NewOrganisationTest" name="CreateOrgTest" time="0.023"/>
  <testcase classname="Organisation.NewOrganisationTest" name="modifyOrgTest" time="0.003"/>
</testsuite> <!-- Organisation.NewOrganisationTest -->
